{"contracts/FungibleSBT.sol":{"l":{"25":2,"26":2,"28":2,"32":2,"39":2,"47":2,"60":2,"69":47,"79":12,"88":46,"95":2,"108":20,"109":20,"111":16,"112":16,"114":16,"115":16,"127":6,"128":6,"129":6,"130":2,"132":2,"133":2,"135":2,"136":2,"153":20,"154":20,"156":18,"158":18,"159":18,"160":16,"161":16,"164":16,"167":16,"180":2,"182":2,"183":2,"185":2,"187":2,"189":2,"204":4,"206":4,"207":4,"208":4,"210":4,"213":4,"215":4},"path":"/Users/chrble/Google_Drive/Open_source/FungibleSBT/contracts/FungibleSBT.sol","s":{"1":2,"2":2,"3":2,"4":2,"5":2,"6":47,"7":12,"8":46,"9":2,"10":20,"11":20,"12":16,"13":16,"14":6,"15":6,"16":6,"17":2,"18":2,"19":2,"20":20,"21":20,"22":18,"23":18,"24":18,"25":16,"26":2,"27":2,"28":2,"29":4,"30":4,"31":4,"32":4},"b":{"1":[2,4],"2":[20,0],"3":[18,2],"4":[16,2]},"f":{"1":2,"2":2,"3":2,"4":2,"5":2,"6":47,"7":12,"8":46,"9":2,"10":20,"11":6,"12":20,"13":2,"14":4,"15":24,"16":22},"fnMap":{"1":{"name":"constructor","line":24,"loc":{"start":{"line":24,"column":4},"end":{"line":29,"column":4}}},"2":{"name":"supportsInterface","line":31,"loc":{"start":{"line":31,"column":4},"end":{"line":33,"column":4}}},"3":{"name":"name","line":38,"loc":{"start":{"line":38,"column":4},"end":{"line":40,"column":4}}},"4":{"name":"symbol","line":46,"loc":{"start":{"line":46,"column":4},"end":{"line":48,"column":4}}},"5":{"name":"decimals","line":59,"loc":{"start":{"line":59,"column":4},"end":{"line":61,"column":4}}},"6":{"name":"balanceOf","line":68,"loc":{"start":{"line":68,"column":4},"end":{"line":70,"column":4}}},"7":{"name":"getIssuance","line":78,"loc":{"start":{"line":78,"column":4},"end":{"line":80,"column":4}}},"8":{"name":"unassignedBalanceOf","line":87,"loc":{"start":{"line":87,"column":4},"end":{"line":89,"column":4}}},"9":{"name":"totalSupply","line":94,"loc":{"start":{"line":94,"column":4},"end":{"line":96,"column":4}}},"10":{"name":"issue","line":104,"loc":{"start":{"line":104,"column":4},"end":{"line":116,"column":4}}},"11":{"name":"revoke","line":123,"loc":{"start":{"line":123,"column":4},"end":{"line":137,"column":4}}},"12":{"name":"_transfer","line":152,"loc":{"start":{"line":152,"column":4},"end":{"line":168,"column":4}}},"13":{"name":"_mint","line":179,"loc":{"start":{"line":179,"column":4},"end":{"line":190,"column":4}}},"14":{"name":"_burn","line":203,"loc":{"start":{"line":203,"column":4},"end":{"line":216,"column":4}}},"15":{"name":"_beforeTokenTransfer","line":232,"loc":{"start":{"line":232,"column":4},"end":{"line":232,"column":94}}},"16":{"name":"_afterTokenTransfer","line":248,"loc":{"start":{"line":248,"column":4},"end":{"line":248,"column":93}}}},"statementMap":{"1":{"start":{"line":28,"column":8},"end":{"line":28,"column":29}},"2":{"start":{"line":32,"column":8},"end":{"line":32,"column":51}},"3":{"start":{"line":39,"column":8},"end":{"line":39,"column":20}},"4":{"start":{"line":47,"column":8},"end":{"line":47,"column":22}},"5":{"start":{"line":60,"column":8},"end":{"line":60,"column":17}},"6":{"start":{"line":69,"column":8},"end":{"line":69,"column":33}},"7":{"start":{"line":79,"column":8},"end":{"line":79,"column":32}},"8":{"start":{"line":88,"column":8},"end":{"line":88,"column":43}},"9":{"start":{"line":95,"column":8},"end":{"line":95,"column":27}},"10":{"start":{"line":108,"column":8},"end":{"line":108,"column":33}},"11":{"start":{"line":109,"column":8},"end":{"line":109,"column":34}},"12":{"start":{"line":114,"column":8},"end":{"line":114,"column":37}},"13":{"start":{"line":115,"column":8},"end":{"line":115,"column":19}},"14":{"start":{"line":127,"column":8},"end":{"line":127,"column":36}},"15":{"start":{"line":128,"column":8},"end":{"line":128,"column":53}},"16":{"start":{"line":129,"column":8},"end":{"line":129,"column":85}},"17":{"start":{"line":130,"column":8},"end":{"line":130,"column":29}},"18":{"start":{"line":135,"column":8},"end":{"line":135,"column":37}},"19":{"start":{"line":136,"column":8},"end":{"line":136,"column":19}},"20":{"start":{"line":153,"column":8},"end":{"line":153,"column":81}},"21":{"start":{"line":154,"column":8},"end":{"line":154,"column":77}},"22":{"start":{"line":156,"column":8},"end":{"line":156,"column":45}},"23":{"start":{"line":158,"column":8},"end":{"line":158,"column":55}},"24":{"start":{"line":159,"column":8},"end":{"line":159,"column":121}},"25":{"start":{"line":167,"column":8},"end":{"line":167,"column":44}},"26":{"start":{"line":180,"column":8},"end":{"line":180,"column":56}},"27":{"start":{"line":187,"column":8},"end":{"line":187,"column":50}},"28":{"start":{"line":189,"column":8},"end":{"line":189,"column":55}},"29":{"start":{"line":204,"column":8},"end":{"line":204,"column":56}},"30":{"start":{"line":206,"column":8},"end":{"line":206,"column":51}},"31":{"start":{"line":213,"column":8},"end":{"line":213,"column":50}},"32":{"start":{"line":215,"column":8},"end":{"line":215,"column":55}}},"branchMap":{"1":{"line":129,"type":"if","locations":[{"start":{"line":129,"column":8},"end":{"line":129,"column":8}},{"start":{"line":129,"column":8},"end":{"line":129,"column":8}}]},"2":{"line":153,"type":"if","locations":[{"start":{"line":153,"column":8},"end":{"line":153,"column":8}},{"start":{"line":153,"column":8},"end":{"line":153,"column":8}}]},"3":{"line":154,"type":"if","locations":[{"start":{"line":154,"column":8},"end":{"line":154,"column":8}},{"start":{"line":154,"column":8},"end":{"line":154,"column":8}}]},"4":{"line":159,"type":"if","locations":[{"start":{"line":159,"column":8},"end":{"line":159,"column":8}},{"start":{"line":159,"column":8},"end":{"line":159,"column":8}}]}}},"contracts/FungibleSBTDepositable.sol":{"l":{"30":15,"42":3,"43":3,"45":3,"46":2,"47":2,"48":2,"50":2,"51":2,"63":3,"64":3,"66":3,"67":2,"68":2,"70":2,"71":2,"91":10,"92":10,"93":10,"94":10,"96":8,"97":8,"114":12,"115":12,"118":12,"120":12,"122":12,"134":4,"135":4,"136":4,"137":4,"138":4},"path":"/Users/chrble/Google_Drive/Open_source/FungibleSBT/contracts/FungibleSBTDepositable.sol","s":{"1":15,"2":3,"3":3,"4":3,"5":2,"6":2,"7":2,"8":2,"9":2,"10":3,"11":3,"12":3,"13":2,"14":2,"15":2,"16":2,"17":10,"18":10,"19":10,"20":10,"21":8,"22":8,"23":12,"24":12,"25":4,"26":4,"27":4,"28":4},"b":{"1":[2,1],"2":[2,0],"3":[2,1],"4":[2,0],"5":[8,2],"6":[12,0],"7":[12,0],"8":[4,0],"9":[4,0]},"f":{"1":1,"2":15,"3":3,"4":3,"5":10,"6":12,"7":4},"fnMap":{"1":{"name":"constructor","line":21,"loc":{"start":{"line":18,"column":4},"end":{"line":21,"column":7}}},"2":{"name":"collateralDeposit","line":29,"loc":{"start":{"line":29,"column":4},"end":{"line":31,"column":4}}},"3":{"name":"burnDeposit","line":38,"loc":{"start":{"line":38,"column":4},"end":{"line":52,"column":4}}},"4":{"name":"returnDeposit","line":59,"loc":{"start":{"line":59,"column":4},"end":{"line":72,"column":4}}},"5":{"name":"grantCollateral","line":90,"loc":{"start":{"line":90,"column":4},"end":{"line":98,"column":4}}},"6":{"name":"_setBurnAllowance","line":113,"loc":{"start":{"line":113,"column":4},"end":{"line":123,"column":4}}},"7":{"name":"_spendBurnAllowance","line":133,"loc":{"start":{"line":133,"column":4},"end":{"line":141,"column":4}}}},"statementMap":{"1":{"start":{"line":30,"column":8},"end":{"line":30,"column":47}},"2":{"start":{"line":42,"column":8},"end":{"line":42,"column":36}},"3":{"start":{"line":43,"column":8},"end":{"line":43,"column":61}},"4":{"start":{"line":45,"column":8},"end":{"line":45,"column":115}},"5":{"start":{"line":46,"column":8},"end":{"line":46,"column":29}},"6":{"start":{"line":47,"column":8},"end":{"line":47,"column":1688}},"7":{"start":{"line":48,"column":12},"end":{"line":48,"column":56}},"8":{"start":{"line":50,"column":8},"end":{"line":50,"column":37}},"9":{"start":{"line":51,"column":8},"end":{"line":51,"column":19}},"10":{"start":{"line":63,"column":8},"end":{"line":63,"column":36}},"11":{"start":{"line":64,"column":8},"end":{"line":64,"column":61}},"12":{"start":{"line":66,"column":8},"end":{"line":66,"column":117}},"13":{"start":{"line":67,"column":8},"end":{"line":67,"column":2341}},"14":{"start":{"line":68,"column":12},"end":{"line":68,"column":56}},"15":{"start":{"line":70,"column":8},"end":{"line":70,"column":37}},"16":{"start":{"line":71,"column":8},"end":{"line":71,"column":19}},"17":{"start":{"line":91,"column":8},"end":{"line":91,"column":33}},"18":{"start":{"line":92,"column":8},"end":{"line":92,"column":48}},"19":{"start":{"line":93,"column":8},"end":{"line":93,"column":53}},"20":{"start":{"line":94,"column":8},"end":{"line":94,"column":3609}},"21":{"start":{"line":96,"column":8},"end":{"line":96,"column":47}},"22":{"start":{"line":97,"column":8},"end":{"line":97,"column":19}},"23":{"start":{"line":114,"column":8},"end":{"line":114,"column":92}},"24":{"start":{"line":115,"column":8},"end":{"line":115,"column":81}},"25":{"start":{"line":134,"column":8},"end":{"line":134,"column":66}},"26":{"start":{"line":135,"column":8},"end":{"line":135,"column":5189}},"27":{"start":{"line":136,"column":12},"end":{"line":136,"column":96}},"28":{"start":{"line":138,"column":16},"end":{"line":138,"column":75}}},"branchMap":{"1":{"line":45,"type":"if","locations":[{"start":{"line":45,"column":8},"end":{"line":45,"column":8}},{"start":{"line":45,"column":8},"end":{"line":45,"column":8}}]},"2":{"line":47,"type":"if","locations":[{"start":{"line":47,"column":8},"end":{"line":47,"column":8}},{"start":{"line":47,"column":8},"end":{"line":47,"column":8}}]},"3":{"line":66,"type":"if","locations":[{"start":{"line":66,"column":8},"end":{"line":66,"column":8}},{"start":{"line":66,"column":8},"end":{"line":66,"column":8}}]},"4":{"line":67,"type":"if","locations":[{"start":{"line":67,"column":8},"end":{"line":67,"column":8}},{"start":{"line":67,"column":8},"end":{"line":67,"column":8}}]},"5":{"line":94,"type":"if","locations":[{"start":{"line":94,"column":8},"end":{"line":94,"column":8}},{"start":{"line":94,"column":8},"end":{"line":94,"column":8}}]},"6":{"line":114,"type":"if","locations":[{"start":{"line":114,"column":8},"end":{"line":114,"column":8}},{"start":{"line":114,"column":8},"end":{"line":114,"column":8}}]},"7":{"line":115,"type":"if","locations":[{"start":{"line":115,"column":8},"end":{"line":115,"column":8}},{"start":{"line":115,"column":8},"end":{"line":115,"column":8}}]},"8":{"line":135,"type":"if","locations":[{"start":{"line":135,"column":8},"end":{"line":135,"column":8}},{"start":{"line":135,"column":8},"end":{"line":135,"column":8}}]},"9":{"line":136,"type":"if","locations":[{"start":{"line":136,"column":12},"end":{"line":136,"column":12}},{"start":{"line":136,"column":12},"end":{"line":136,"column":12}}]}}},"contracts/interfaces/IFungibleSBT.sol":{"l":{},"path":"/Users/chrble/Google_Drive/Open_source/FungibleSBT/contracts/interfaces/IFungibleSBT.sol","s":{},"b":{},"f":{},"fnMap":{},"statementMap":{},"branchMap":{}},"contracts/interfaces/IFungibleSBTDepositable.sol":{"l":{},"path":"/Users/chrble/Google_Drive/Open_source/FungibleSBT/contracts/interfaces/IFungibleSBTDepositable.sol","s":{},"b":{},"f":{},"fnMap":{},"statementMap":{},"branchMap":{}},"contracts/interfaces/IFungibleSBTExpirable.sol":{"l":{},"path":"/Users/chrble/Google_Drive/Open_source/FungibleSBT/contracts/interfaces/IFungibleSBTExpirable.sol","s":{},"b":{},"f":{},"fnMap":{},"statementMap":{},"branchMap":{}}}