{"contracts/FungibleSBT.sol":{"l":{"25":6,"26":6,"28":6,"32":1,"39":2,"47":2,"60":2,"69":43,"79":10,"88":42,"95":1,"108":8,"109":8,"111":4,"112":4,"114":4,"115":4,"127":4,"128":4,"129":4,"130":2,"132":2,"133":2,"135":2,"136":2,"153":8,"154":8,"156":8,"158":8,"159":8,"160":4,"161":4,"164":4,"167":4,"180":6,"182":6,"184":6,"185":6,"187":6,"189":6,"191":6,"206":3,"208":3,"210":3,"211":3,"212":3,"214":3,"217":3,"219":3},"path":"/Users/chrble/Google_Drive/Open_source/FungibleSBT/contracts/FungibleSBT.sol","s":{"1":6,"2":6,"3":6,"4":1,"5":2,"6":2,"7":2,"8":43,"9":10,"10":42,"11":1,"12":8,"13":8,"14":4,"15":4,"16":4,"17":4,"18":4,"19":4,"20":2,"21":2,"22":2,"23":2,"24":8,"25":8,"26":8,"27":8,"28":8,"29":4,"30":4,"31":4,"32":6,"33":6,"34":6,"35":6,"36":6,"37":6,"38":3,"39":3,"40":3,"41":3,"42":3,"43":3,"44":3},"b":{"1":[2,2],"2":[8,0],"3":[8,0],"4":[4,4],"5":[6,0],"6":[3,0]},"f":{"1":6,"2":1,"3":2,"4":2,"5":2,"6":43,"7":10,"8":42,"9":1,"10":8,"11":4,"12":8,"13":6,"14":3,"15":17,"16":13},"fnMap":{"1":{"name":"constructor","line":24,"loc":{"start":{"line":24,"column":4},"end":{"line":29,"column":4}}},"2":{"name":"supportsInterface","line":31,"loc":{"start":{"line":31,"column":4},"end":{"line":33,"column":4}}},"3":{"name":"name","line":38,"loc":{"start":{"line":38,"column":4},"end":{"line":40,"column":4}}},"4":{"name":"symbol","line":46,"loc":{"start":{"line":46,"column":4},"end":{"line":48,"column":4}}},"5":{"name":"decimals","line":59,"loc":{"start":{"line":59,"column":4},"end":{"line":61,"column":4}}},"6":{"name":"balanceOf","line":68,"loc":{"start":{"line":68,"column":4},"end":{"line":70,"column":4}}},"7":{"name":"getIssuance","line":78,"loc":{"start":{"line":78,"column":4},"end":{"line":80,"column":4}}},"8":{"name":"unassignedBalanceOf","line":87,"loc":{"start":{"line":87,"column":4},"end":{"line":89,"column":4}}},"9":{"name":"totalSupply","line":94,"loc":{"start":{"line":94,"column":4},"end":{"line":96,"column":4}}},"10":{"name":"issue","line":104,"loc":{"start":{"line":104,"column":4},"end":{"line":116,"column":4}}},"11":{"name":"revoke","line":123,"loc":{"start":{"line":123,"column":4},"end":{"line":137,"column":4}}},"12":{"name":"_transfer","line":152,"loc":{"start":{"line":152,"column":4},"end":{"line":168,"column":4}}},"13":{"name":"_mint","line":179,"loc":{"start":{"line":179,"column":4},"end":{"line":192,"column":4}}},"14":{"name":"_burn","line":205,"loc":{"start":{"line":205,"column":4},"end":{"line":220,"column":4}}},"15":{"name":"_beforeTokenTransfer","line":236,"loc":{"start":{"line":236,"column":4},"end":{"line":236,"column":94}}},"16":{"name":"_afterTokenTransfer","line":252,"loc":{"start":{"line":252,"column":4},"end":{"line":252,"column":93}}}},"statementMap":{"1":{"start":{"line":25,"column":8},"end":{"line":25,"column":20}},"2":{"start":{"line":26,"column":8},"end":{"line":26,"column":24}},"3":{"start":{"line":28,"column":8},"end":{"line":28,"column":29}},"4":{"start":{"line":32,"column":8},"end":{"line":32,"column":51}},"5":{"start":{"line":39,"column":8},"end":{"line":39,"column":20}},"6":{"start":{"line":47,"column":8},"end":{"line":47,"column":22}},"7":{"start":{"line":60,"column":8},"end":{"line":60,"column":17}},"8":{"start":{"line":69,"column":8},"end":{"line":69,"column":33}},"9":{"start":{"line":79,"column":8},"end":{"line":79,"column":32}},"10":{"start":{"line":88,"column":8},"end":{"line":88,"column":43}},"11":{"start":{"line":95,"column":8},"end":{"line":95,"column":27}},"12":{"start":{"line":108,"column":8},"end":{"line":108,"column":33}},"13":{"start":{"line":109,"column":8},"end":{"line":109,"column":34}},"14":{"start":{"line":112,"column":12},"end":{"line":112,"column":38}},"15":{"start":{"line":114,"column":8},"end":{"line":114,"column":37}},"16":{"start":{"line":115,"column":8},"end":{"line":115,"column":19}},"17":{"start":{"line":127,"column":8},"end":{"line":127,"column":36}},"18":{"start":{"line":128,"column":8},"end":{"line":128,"column":53}},"19":{"start":{"line":129,"column":8},"end":{"line":129,"column":84}},"20":{"start":{"line":130,"column":8},"end":{"line":130,"column":29}},"21":{"start":{"line":133,"column":12},"end":{"line":133,"column":46}},"22":{"start":{"line":135,"column":8},"end":{"line":135,"column":37}},"23":{"start":{"line":136,"column":8},"end":{"line":136,"column":19}},"24":{"start":{"line":153,"column":8},"end":{"line":153,"column":81}},"25":{"start":{"line":154,"column":8},"end":{"line":154,"column":77}},"26":{"start":{"line":156,"column":8},"end":{"line":156,"column":45}},"27":{"start":{"line":158,"column":8},"end":{"line":158,"column":55}},"28":{"start":{"line":159,"column":8},"end":{"line":159,"column":121}},"29":{"start":{"line":161,"column":12},"end":{"line":161,"column":59}},"30":{"start":{"line":164,"column":12},"end":{"line":164,"column":34}},"31":{"start":{"line":167,"column":8},"end":{"line":167,"column":44}},"32":{"start":{"line":180,"column":8},"end":{"line":180,"column":78}},"33":{"start":{"line":182,"column":8},"end":{"line":182,"column":56}},"34":{"start":{"line":184,"column":8},"end":{"line":184,"column":29}},"35":{"start":{"line":187,"column":12},"end":{"line":187,"column":49}},"36":{"start":{"line":189,"column":8},"end":{"line":189,"column":50}},"37":{"start":{"line":191,"column":8},"end":{"line":191,"column":55}},"38":{"start":{"line":206,"column":8},"end":{"line":206,"column":80}},"39":{"start":{"line":208,"column":8},"end":{"line":208,"column":56}},"40":{"start":{"line":210,"column":8},"end":{"line":210,"column":51}},"41":{"start":{"line":212,"column":12},"end":{"line":212,"column":68}},"42":{"start":{"line":214,"column":12},"end":{"line":214,"column":59}},"43":{"start":{"line":217,"column":8},"end":{"line":217,"column":50}},"44":{"start":{"line":219,"column":8},"end":{"line":219,"column":55}}},"branchMap":{"1":{"line":129,"type":"if","locations":[{"start":{"line":129,"column":8},"end":{"line":129,"column":8}},{"start":{"line":129,"column":8},"end":{"line":129,"column":8}}]},"2":{"line":153,"type":"if","locations":[{"start":{"line":153,"column":8},"end":{"line":153,"column":8}},{"start":{"line":153,"column":8},"end":{"line":153,"column":8}}]},"3":{"line":154,"type":"if","locations":[{"start":{"line":154,"column":8},"end":{"line":154,"column":8}},{"start":{"line":154,"column":8},"end":{"line":154,"column":8}}]},"4":{"line":159,"type":"if","locations":[{"start":{"line":159,"column":8},"end":{"line":159,"column":8}},{"start":{"line":159,"column":8},"end":{"line":159,"column":8}}]},"5":{"line":180,"type":"if","locations":[{"start":{"line":180,"column":8},"end":{"line":180,"column":8}},{"start":{"line":180,"column":8},"end":{"line":180,"column":8}}]},"6":{"line":206,"type":"if","locations":[{"start":{"line":206,"column":8},"end":{"line":206,"column":8}},{"start":{"line":206,"column":8},"end":{"line":206,"column":8}}]}}},"contracts/FungibleSBTDepositable.sol":{"l":{"30":15,"42":3,"43":3,"45":3,"46":1,"47":1,"48":1,"50":1,"51":1,"63":3,"64":3,"66":3,"67":1,"68":1,"70":1,"71":1,"91":6,"92":6,"93":6,"94":6,"96":2,"97":2,"114":4,"115":4,"118":4,"120":4,"122":4,"134":2,"135":2,"136":2,"137":2,"138":2},"path":"/Users/chrble/Google_Drive/Open_source/FungibleSBT/contracts/FungibleSBTDepositable.sol","s":{"1":15,"2":3,"3":3,"4":3,"5":1,"6":1,"7":1,"8":1,"9":1,"10":3,"11":3,"12":3,"13":1,"14":1,"15":1,"16":1,"17":6,"18":6,"19":6,"20":6,"21":2,"22":2,"23":4,"24":4,"25":4,"26":4,"27":4,"28":2,"29":2,"30":2,"31":2},"b":{"1":[1,2],"2":[1,0],"3":[1,2],"4":[1,0],"5":[2,4],"6":[4,0],"7":[4,0],"8":[2,0],"9":[2,0]},"f":{"1":3,"2":15,"3":3,"4":3,"5":6,"6":4,"7":2},"fnMap":{"1":{"name":"constructor","line":21,"loc":{"start":{"line":18,"column":4},"end":{"line":21,"column":7}}},"2":{"name":"collateralDeposit","line":29,"loc":{"start":{"line":29,"column":4},"end":{"line":31,"column":4}}},"3":{"name":"burnDeposit","line":38,"loc":{"start":{"line":38,"column":4},"end":{"line":52,"column":4}}},"4":{"name":"returnDeposit","line":59,"loc":{"start":{"line":59,"column":4},"end":{"line":72,"column":4}}},"5":{"name":"grantCollateral","line":90,"loc":{"start":{"line":90,"column":4},"end":{"line":98,"column":4}}},"6":{"name":"_setBurnAllowance","line":113,"loc":{"start":{"line":113,"column":4},"end":{"line":123,"column":4}}},"7":{"name":"_spendBurnAllowance","line":133,"loc":{"start":{"line":133,"column":4},"end":{"line":141,"column":4}}}},"statementMap":{"1":{"start":{"line":30,"column":8},"end":{"line":30,"column":47}},"2":{"start":{"line":42,"column":8},"end":{"line":42,"column":36}},"3":{"start":{"line":43,"column":8},"end":{"line":43,"column":61}},"4":{"start":{"line":45,"column":8},"end":{"line":45,"column":115}},"5":{"start":{"line":46,"column":8},"end":{"line":46,"column":29}},"6":{"start":{"line":47,"column":8},"end":{"line":47,"column":1687}},"7":{"start":{"line":48,"column":12},"end":{"line":48,"column":56}},"8":{"start":{"line":50,"column":8},"end":{"line":50,"column":37}},"9":{"start":{"line":51,"column":8},"end":{"line":51,"column":19}},"10":{"start":{"line":63,"column":8},"end":{"line":63,"column":36}},"11":{"start":{"line":64,"column":8},"end":{"line":64,"column":61}},"12":{"start":{"line":66,"column":8},"end":{"line":66,"column":117}},"13":{"start":{"line":67,"column":8},"end":{"line":67,"column":2340}},"14":{"start":{"line":68,"column":12},"end":{"line":68,"column":56}},"15":{"start":{"line":70,"column":8},"end":{"line":70,"column":37}},"16":{"start":{"line":71,"column":8},"end":{"line":71,"column":19}},"17":{"start":{"line":91,"column":8},"end":{"line":91,"column":33}},"18":{"start":{"line":92,"column":8},"end":{"line":92,"column":48}},"19":{"start":{"line":93,"column":8},"end":{"line":93,"column":53}},"20":{"start":{"line":94,"column":8},"end":{"line":94,"column":3608}},"21":{"start":{"line":96,"column":8},"end":{"line":96,"column":47}},"22":{"start":{"line":97,"column":8},"end":{"line":97,"column":19}},"23":{"start":{"line":114,"column":8},"end":{"line":114,"column":92}},"24":{"start":{"line":115,"column":8},"end":{"line":115,"column":81}},"25":{"start":{"line":118,"column":8},"end":{"line":118,"column":66}},"26":{"start":{"line":120,"column":8},"end":{"line":120,"column":41}},"27":{"start":{"line":122,"column":8},"end":{"line":122,"column":47}},"28":{"start":{"line":134,"column":8},"end":{"line":134,"column":66}},"29":{"start":{"line":135,"column":8},"end":{"line":135,"column":5188}},"30":{"start":{"line":136,"column":12},"end":{"line":136,"column":96}},"31":{"start":{"line":138,"column":16},"end":{"line":138,"column":75}}},"branchMap":{"1":{"line":45,"type":"if","locations":[{"start":{"line":45,"column":8},"end":{"line":45,"column":8}},{"start":{"line":45,"column":8},"end":{"line":45,"column":8}}]},"2":{"line":47,"type":"if","locations":[{"start":{"line":47,"column":8},"end":{"line":47,"column":8}},{"start":{"line":47,"column":8},"end":{"line":47,"column":8}}]},"3":{"line":66,"type":"if","locations":[{"start":{"line":66,"column":8},"end":{"line":66,"column":8}},{"start":{"line":66,"column":8},"end":{"line":66,"column":8}}]},"4":{"line":67,"type":"if","locations":[{"start":{"line":67,"column":8},"end":{"line":67,"column":8}},{"start":{"line":67,"column":8},"end":{"line":67,"column":8}}]},"5":{"line":94,"type":"if","locations":[{"start":{"line":94,"column":8},"end":{"line":94,"column":8}},{"start":{"line":94,"column":8},"end":{"line":94,"column":8}}]},"6":{"line":114,"type":"if","locations":[{"start":{"line":114,"column":8},"end":{"line":114,"column":8}},{"start":{"line":114,"column":8},"end":{"line":114,"column":8}}]},"7":{"line":115,"type":"if","locations":[{"start":{"line":115,"column":8},"end":{"line":115,"column":8}},{"start":{"line":115,"column":8},"end":{"line":115,"column":8}}]},"8":{"line":135,"type":"if","locations":[{"start":{"line":135,"column":8},"end":{"line":135,"column":8}},{"start":{"line":135,"column":8},"end":{"line":135,"column":8}}]},"9":{"line":136,"type":"if","locations":[{"start":{"line":136,"column":12},"end":{"line":136,"column":12}},{"start":{"line":136,"column":12},"end":{"line":136,"column":12}}]}}},"contracts/interfaces/IFungibleSBT.sol":{"l":{},"path":"/Users/chrble/Google_Drive/Open_source/FungibleSBT/contracts/interfaces/IFungibleSBT.sol","s":{},"b":{},"f":{},"fnMap":{},"statementMap":{},"branchMap":{}},"contracts/interfaces/IFungibleSBTDepositable.sol":{"l":{},"path":"/Users/chrble/Google_Drive/Open_source/FungibleSBT/contracts/interfaces/IFungibleSBTDepositable.sol","s":{},"b":{},"f":{},"fnMap":{},"statementMap":{},"branchMap":{}},"contracts/interfaces/IFungibleSBTExpirable.sol":{"l":{},"path":"/Users/chrble/Google_Drive/Open_source/FungibleSBT/contracts/interfaces/IFungibleSBTExpirable.sol","s":{},"b":{},"f":{},"fnMap":{},"statementMap":{},"branchMap":{}}}